<?xml version="1.0" encoding="UTF-8"?>
<testsuites name="TestCasesForEvaluation" time="16.026" tests="2" failures="0" errors="1">
   <testsuite name="TestCasesForEvaluation" tests="2" failures="0" errors="1" time="16.026" timestamp="2020-02-23 11:21:02" hostname="Dora_Vereb - EPHUDEBW0132.budapest.epam.com" id="Test Suites/TestCasesForEvaluation">
      <properties>
         <property name="deviceName" value=""/>
         <property name="devicePlatform" value=""/>
         <property name="logFolder" value="C:\\Users\\dora_vereb\\Katalon Studio\\Web testing evaluation\\Reports\\20200223_112059\\TestCasesForEvaluation\\20200223_112059"/>
         <property name="logFiles" value="C:\\Users\\dora_vereb\\Katalon Studio\\Web testing evaluation\\Reports\\20200223_112059\\TestCasesForEvaluation\\20200223_112059\\execution0.log"/>
         <property name="attachments" value=""/>
         <property name="hostName" value="Dora_Vereb - EPHUDEBW0132.budapest.epam.com"/>
         <property name="os" value="Windows 10 64bit"/>
         <property name="katalonVersion" value="7.2.1.1"/>
         <property name="browser" value="Chrome 80.0.3987.116"/>
         <property name="hostAddress" value="192.168.0.101"/>
         <property name="sessionId" value="125f740a57b027cb6edd87b5ee586daa"/>
         <property name="seleniumVersion" value="3.141.59"/>
         <property name="proxyInformation" value="ProxyInformation{proxyOption=NO_PROXY, proxyServerType=HTTP, password=, proxyServerAddress=, proxyServerPort=0, executionList=}"/>
         <property name="platform" value="Windows 10"/>
      </properties>
      <testcase name="Test Cases/TC-1" time="14.419" classname="Test Cases/TC-1" status="PASSED">
         <system-out><![CDATA[2020-02-23 11:21:02 - [TEST_CASE][PASSED] - Test Cases/TC-1: Test Cases/TC-1

2020-02-23 11:21:03 - [TEST_STEP][PASSED] - openBrowser(""): Browser is opened with url: ''

2020-02-23 11:21:03 - [MESSAGE][INFO] - Starting 'Chrome' driver

2020-02-23 11:21:03 - [MESSAGE][INFO] - Action delay is set to 0 seconds

2020-02-23 11:21:10 - [MESSAGE][PASSED] - Browser is opened with url: ''

2020-02-23 11:21:10 - [TEST_STEP][PASSED] - navigateToUrl(homePage): Navigate to 'https://angular.io' successfully

2020-02-23 11:21:12 - [MESSAGE][PASSED] - Navigate to 'https://angular.io' successfully

2020-02-23 11:21:12 - [TEST_STEP][PASSED] - verifyElementVisible(findTestObject("AngularHomePage/AngularLogoAtTheTop")): Object 'Object Repository/AngularHomePage/AngularLogoAtTheTop' is visible

2020-02-23 11:21:13 - [MESSAGE][PASSED] - Object 'Object Repository/AngularHomePage/AngularLogoAtTheTop' is visible

2020-02-23 11:21:13 - [TEST_STEP][PASSED] - verifyElementVisible(findTestObject("AngularHomePage/AngularLogoInHeroSection")): Object 'Object Repository/AngularHomePage/AngularLogoInHeroSection' is visible

2020-02-23 11:21:13 - [MESSAGE][PASSED] - Object 'Object Repository/AngularHomePage/AngularLogoInHeroSection' is visible

2020-02-23 11:21:13 - [TEST_STEP][PASSED] - verifyElementText(findTestObject("AngularHomePage/HeroHeadline"), "One framework.
Mobile & desktop."): Actual text and expected text of test object 'Object Repository/AngularHomePage/HeroHeadline' are matched.

2020-02-23 11:21:13 - [MESSAGE][PASSED] - Actual text and expected text of test object 'Object Repository/AngularHomePage/HeroHeadline' are matched.

2020-02-23 11:21:13 - [TEST_STEP][PASSED] - verifyElementVisible(findTestObject("AngularHomePage/GetStartedButton")): Object 'Object Repository/AngularHomePage/GetStartedButton' is visible

2020-02-23 11:21:14 - [MESSAGE][PASSED] - Object 'Object Repository/AngularHomePage/GetStartedButton' is visible

2020-02-23 11:21:14 - [TEST_STEP][PASSED] - click(findTestObject("AngularHomePage/GetStartedButton")): Object: 'Object Repository/AngularHomePage/GetStartedButton' is clicked on

2020-02-23 11:21:14 - [MESSAGE][PASSED] - Object: 'Object Repository/AngularHomePage/GetStartedButton' is clicked on

2020-02-23 11:21:14 - [TEST_STEP][PASSED] - verifyMatch(getUrl(), startPage, false): Actual text 'https://angular.io/start' and expected text 'https://angular.io/start' are matched 

2020-02-23 11:21:14 - [MESSAGE][PASSED] - Current window's url is: 'https://angular.io/start'

2020-02-23 11:21:15 - [MESSAGE][PASSED] - Actual text 'https://angular.io/start' and expected text 'https://angular.io/start' are matched 

2020-02-23 11:21:15 - [TEST_STEP][PASSED] - verifyElementText(findTestObject("AngularStartPage/ContentTitle"), contentTitle): Actual text and expected text of test object 'Object Repository/AngularStartPage/ContentTitle' are matched.

2020-02-23 11:21:17 - [MESSAGE][PASSED] - Actual text and expected text of test object 'Object Repository/AngularStartPage/ContentTitle' are matched.]]></system-out>
         <system-err><![CDATA[]]></system-err>
      </testcase>
      <testcase name="Test Cases/TC-2" time="0.458" classname="Test Cases/TC-2" status="ERROR">
         <error type="ERROR" message="Test Cases/TC-2 FAILED.
Reason:
groovy.lang.MissingPropertyException: No such property: url for class: internal.GlobalVariable
	at TC-2.run(TC-2:18)
	at com.kms.katalon.core.main.ScriptEngine.run(ScriptEngine.java:194)
	at com.kms.katalon.core.main.ScriptEngine.runScriptAsRawText(ScriptEngine.java:119)
	at com.kms.katalon.core.main.TestCaseExecutor.runScript(TestCaseExecutor.java:337)
	at com.kms.katalon.core.main.TestCaseExecutor.doExecute(TestCaseExecutor.java:328)
	at com.kms.katalon.core.main.TestCaseExecutor.processExecutionPhase(TestCaseExecutor.java:307)
	at com.kms.katalon.core.main.TestCaseExecutor.accessMainPhase(TestCaseExecutor.java:299)
	at com.kms.katalon.core.main.TestCaseExecutor.execute(TestCaseExecutor.java:233)
	at com.kms.katalon.core.main.TestSuiteExecutor.accessTestCaseMainPhase(TestSuiteExecutor.java:169)
	at com.kms.katalon.core.main.TestSuiteExecutor.accessTestSuiteMainPhase(TestSuiteExecutor.java:142)
	at com.kms.katalon.core.main.TestSuiteExecutor.execute(TestSuiteExecutor.java:91)
	at com.kms.katalon.core.main.TestCaseMain.startTestSuite(TestCaseMain.java:157)
	at com.kms.katalon.core.main.TestCaseMain$startTestSuite$0.call(Unknown Source)
	at TempTestSuite1582453259309.run(TempTestSuite1582453259309.groovy:36)
"/>
         <system-out><![CDATA[2020-02-23 11:21:17 - [TEST_CASE][ERROR] - Test Cases/TC-2: Test Cases/TC-2 FAILED.
Reason:
groovy.lang.MissingPropertyException: No such property: url for class: internal.GlobalVariable
	at TC-2.run(TC-2:18)
	at com.kms.katalon.core.main.ScriptEngine.run(ScriptEngine.java:194)
	at com.kms.katalon.core.main.ScriptEngine.runScriptAsRawText(ScriptEngine.java:119)
	at com.kms.katalon.core.main.TestCaseExecutor.runScript(TestCaseExecutor.java:337)
	at com.kms.katalon.core.main.TestCaseExecutor.doExecute(TestCaseExecutor.java:328)
	at com.kms.katalon.core.main.TestCaseExecutor.processExecutionPhase(TestCaseExecutor.java:307)
	at com.kms.katalon.core.main.TestCaseExecutor.accessMainPhase(TestCaseExecutor.java:299)
	at com.kms.katalon.core.main.TestCaseExecutor.execute(TestCaseExecutor.java:233)
	at com.kms.katalon.core.main.TestSuiteExecutor.accessTestCaseMainPhase(TestSuiteExecutor.java:169)
	at com.kms.katalon.core.main.TestSuiteExecutor.accessTestSuiteMainPhase(TestSuiteExecutor.java:142)
	at com.kms.katalon.core.main.TestSuiteExecutor.execute(TestSuiteExecutor.java:91)
	at com.kms.katalon.core.main.TestCaseMain.startTestSuite(TestCaseMain.java:157)
	at com.kms.katalon.core.main.TestCaseMain$startTestSuite$0.call(Unknown Source)
	at TempTestSuite1582453259309.run(TempTestSuite1582453259309.groovy:36)


2020-02-23 11:21:17 - [TEST_STEP][PASSED] - navigateToUrl(url): null]]></system-out>
         <system-err><![CDATA[2020-02-23 11:21:17 - [TEST_CASE][ERROR] - Test Cases/TC-2: Test Cases/TC-2 FAILED.
Reason:
groovy.lang.MissingPropertyException: No such property: url for class: internal.GlobalVariable
	at TC-2.run(TC-2:18)
	at com.kms.katalon.core.main.ScriptEngine.run(ScriptEngine.java:194)
	at com.kms.katalon.core.main.ScriptEngine.runScriptAsRawText(ScriptEngine.java:119)
	at com.kms.katalon.core.main.TestCaseExecutor.runScript(TestCaseExecutor.java:337)
	at com.kms.katalon.core.main.TestCaseExecutor.doExecute(TestCaseExecutor.java:328)
	at com.kms.katalon.core.main.TestCaseExecutor.processExecutionPhase(TestCaseExecutor.java:307)
	at com.kms.katalon.core.main.TestCaseExecutor.accessMainPhase(TestCaseExecutor.java:299)
	at com.kms.katalon.core.main.TestCaseExecutor.execute(TestCaseExecutor.java:233)
	at com.kms.katalon.core.main.TestSuiteExecutor.accessTestCaseMainPhase(TestSuiteExecutor.java:169)
	at com.kms.katalon.core.main.TestSuiteExecutor.accessTestSuiteMainPhase(TestSuiteExecutor.java:142)
	at com.kms.katalon.core.main.TestSuiteExecutor.execute(TestSuiteExecutor.java:91)
	at com.kms.katalon.core.main.TestCaseMain.startTestSuite(TestCaseMain.java:157)
	at com.kms.katalon.core.main.TestCaseMain$startTestSuite$0.call(Unknown Source)
	at TempTestSuite1582453259309.run(TempTestSuite1582453259309.groovy:36)]]></system-err>
      </testcase>
      <system-out><![CDATA[2020-02-23 11:21:02 - [TEST_SUITE][ERROR] - TestCasesForEvaluation: Test Cases/TC-2 FAILED.
Reason:
groovy.lang.MissingPropertyException: No such property: url for class: internal.GlobalVariable
	at TC-2.run(TC-2:18)
	at com.kms.katalon.core.main.ScriptEngine.run(ScriptEngine.java:194)
	at com.kms.katalon.core.main.ScriptEngine.runScriptAsRawText(ScriptEngine.java:119)
	at com.kms.katalon.core.main.TestCaseExecutor.runScript(TestCaseExecutor.java:337)
	at com.kms.katalon.core.main.TestCaseExecutor.doExecute(TestCaseExecutor.java:328)
	at com.kms.katalon.core.main.TestCaseExecutor.processExecutionPhase(TestCaseExecutor.java:307)
	at com.kms.katalon.core.main.TestCaseExecutor.accessMainPhase(TestCaseExecutor.java:299)
	at com.kms.katalon.core.main.TestCaseExecutor.execute(TestCaseExecutor.java:233)
	at com.kms.katalon.core.main.TestSuiteExecutor.accessTestCaseMainPhase(TestSuiteExecutor.java:169)
	at com.kms.katalon.core.main.TestSuiteExecutor.accessTestSuiteMainPhase(TestSuiteExecutor.java:142)
	at com.kms.katalon.core.main.TestSuiteExecutor.execute(TestSuiteExecutor.java:91)
	at com.kms.katalon.core.main.TestCaseMain.startTestSuite(TestCaseMain.java:157)
	at com.kms.katalon.core.main.TestCaseMain$startTestSuite$0.call(Unknown Source)
	at TempTestSuite1582453259309.run(TempTestSuite1582453259309.groovy:36)]]></system-out>
      <system-err><![CDATA[2020-02-23 11:21:02 - [TEST_SUITE][ERROR] - TestCasesForEvaluation: Test Cases/TC-2 FAILED.
Reason:
groovy.lang.MissingPropertyException: No such property: url for class: internal.GlobalVariable
	at TC-2.run(TC-2:18)
	at com.kms.katalon.core.main.ScriptEngine.run(ScriptEngine.java:194)
	at com.kms.katalon.core.main.ScriptEngine.runScriptAsRawText(ScriptEngine.java:119)
	at com.kms.katalon.core.main.TestCaseExecutor.runScript(TestCaseExecutor.java:337)
	at com.kms.katalon.core.main.TestCaseExecutor.doExecute(TestCaseExecutor.java:328)
	at com.kms.katalon.core.main.TestCaseExecutor.processExecutionPhase(TestCaseExecutor.java:307)
	at com.kms.katalon.core.main.TestCaseExecutor.accessMainPhase(TestCaseExecutor.java:299)
	at com.kms.katalon.core.main.TestCaseExecutor.execute(TestCaseExecutor.java:233)
	at com.kms.katalon.core.main.TestSuiteExecutor.accessTestCaseMainPhase(TestSuiteExecutor.java:169)
	at com.kms.katalon.core.main.TestSuiteExecutor.accessTestSuiteMainPhase(TestSuiteExecutor.java:142)
	at com.kms.katalon.core.main.TestSuiteExecutor.execute(TestSuiteExecutor.java:91)
	at com.kms.katalon.core.main.TestCaseMain.startTestSuite(TestCaseMain.java:157)
	at com.kms.katalon.core.main.TestCaseMain$startTestSuite$0.call(Unknown Source)
	at TempTestSuite1582453259309.run(TempTestSuite1582453259309.groovy:36)]]></system-err>
   </testsuite>
</testsuites>
