<?xml version="1.0" encoding="UTF-8"?>
<testsuites name="TestCasesForEvaluation" time="109.196" tests="7" failures="0" errors="1">
   <testsuite name="TestCasesForEvaluation" tests="7" failures="0" errors="1" time="109.196" timestamp="2020-02-23 14:09:04" hostname="Dora_Vereb - EPHUDEBW0132.budapest.epam.com" id="Test Suites/TestCasesForEvaluation">
      <properties>
         <property name="deviceName" value=""/>
         <property name="devicePlatform" value=""/>
         <property name="logFolder" value="C:\\Users\\dora_vereb\\Katalon Studio\\Web testing evaluation\\Reports\\20200223_140900\\TestCasesForEvaluation\\20200223_140900"/>
         <property name="logFiles" value="C:\\Users\\dora_vereb\\Katalon Studio\\Web testing evaluation\\Reports\\20200223_140900\\TestCasesForEvaluation\\20200223_140900\\execution0.log"/>
         <property name="attachments" value=""/>
         <property name="hostName" value="Dora_Vereb - EPHUDEBW0132.budapest.epam.com"/>
         <property name="os" value="Windows 10 64bit"/>
         <property name="katalonVersion" value="7.2.1.1"/>
         <property name="browser" value="Chrome 80.0.3987.116"/>
         <property name="hostAddress" value="192.168.0.101"/>
         <property name="sessionId" value="a83329733e66692a0d1739d1276a997f"/>
         <property name="seleniumVersion" value="3.141.59"/>
         <property name="proxyInformation" value="ProxyInformation{proxyOption=NO_PROXY, proxyServerType=HTTP, password=, proxyServerAddress=, proxyServerPort=0, executionList=}"/>
         <property name="platform" value="Windows 10"/>
      </properties>
      <testcase name="Test Cases/TC-1" time="18.882" classname="Test Cases/TC-1" status="PASSED">
         <system-out><![CDATA[2020-02-23 14:09:04 - [TEST_CASE][PASSED] - Test Cases/TC-1: Test Cases/TC-1

2020-02-23 14:09:05 - [TEST_STEP][PASSED] - openBrowser(""): Browser is opened with url: ''

2020-02-23 14:09:06 - [MESSAGE][INFO] - Starting 'Chrome' driver

2020-02-23 14:09:06 - [MESSAGE][INFO] - Action delay is set to 0 seconds

2020-02-23 14:09:13 - [MESSAGE][PASSED] - Browser is opened with url: ''

2020-02-23 14:09:13 - [TEST_STEP][PASSED] - navigateToUrl(homePage): Navigate to 'https://angular.io' successfully

2020-02-23 14:09:18 - [MESSAGE][PASSED] - Navigate to 'https://angular.io' successfully

2020-02-23 14:09:18 - [TEST_STEP][PASSED] - verifyElementVisible(findTestObject("AngularHomePage/AngularLogoAtTheTop")): Object 'Object Repository/AngularHomePage/AngularLogoAtTheTop' is visible

2020-02-23 14:09:19 - [MESSAGE][PASSED] - Object 'Object Repository/AngularHomePage/AngularLogoAtTheTop' is visible

2020-02-23 14:09:19 - [TEST_STEP][PASSED] - verifyElementVisible(findTestObject("AngularHomePage/AngularLogoInHeroSection")): Object 'Object Repository/AngularHomePage/AngularLogoInHeroSection' is visible

2020-02-23 14:09:19 - [MESSAGE][PASSED] - Object 'Object Repository/AngularHomePage/AngularLogoInHeroSection' is visible

2020-02-23 14:09:19 - [TEST_STEP][PASSED] - verifyElementText(findTestObject("AngularHomePage/HeroHeadline"), "One framework.
Mobile & desktop."): Actual text and expected text of test object 'Object Repository/AngularHomePage/HeroHeadline' are matched.

2020-02-23 14:09:20 - [MESSAGE][PASSED] - Actual text and expected text of test object 'Object Repository/AngularHomePage/HeroHeadline' are matched.

2020-02-23 14:09:20 - [TEST_STEP][PASSED] - verifyElementVisible(findTestObject("AngularHomePage/GetStartedButton")): Object 'Object Repository/AngularHomePage/GetStartedButton' is visible

2020-02-23 14:09:20 - [MESSAGE][PASSED] - Object 'Object Repository/AngularHomePage/GetStartedButton' is visible

2020-02-23 14:09:20 - [TEST_STEP][PASSED] - click(findTestObject("AngularHomePage/GetStartedButton")): Object: 'Object Repository/AngularHomePage/GetStartedButton' is clicked on

2020-02-23 14:09:20 - [MESSAGE][PASSED] - Object: 'Object Repository/AngularHomePage/GetStartedButton' is clicked on

2020-02-23 14:09:20 - [TEST_STEP][PASSED] - verifyMatch(getUrl(), startPage, false): Actual text 'https://angular.io/start' and expected text 'https://angular.io/start' are matched 

2020-02-23 14:09:21 - [MESSAGE][PASSED] - Current window's url is: 'https://angular.io/start'

2020-02-23 14:09:21 - [MESSAGE][PASSED] - Actual text 'https://angular.io/start' and expected text 'https://angular.io/start' are matched 

2020-02-23 14:09:21 - [TEST_STEP][PASSED] - verifyElementText(findTestObject("AngularStartPage/ContentTitle"), contentTitle): Actual text and expected text of test object 'Object Repository/AngularStartPage/ContentTitle' are matched.

2020-02-23 14:09:23 - [MESSAGE][PASSED] - Actual text and expected text of test object 'Object Repository/AngularStartPage/ContentTitle' are matched.]]></system-out>
         <system-err><![CDATA[]]></system-err>
      </testcase>
      <testcase name="Test Cases/TC-2" time="12.373" classname="Test Cases/TC-2" status="ERROR">
         <error type="ERROR" message="Test Cases/TC-2 FAILED.
Reason:
groovy.lang.MissingPropertyException: No such property: search for class: Script1582403821652
	at TC-2.searchResultByTextAndSection(TC-2:42)
	at TC-2.run(TC-2:33)
	at com.kms.katalon.core.main.ScriptEngine.run(ScriptEngine.java:194)
	at com.kms.katalon.core.main.ScriptEngine.runScriptAsRawText(ScriptEngine.java:119)
	at com.kms.katalon.core.main.TestCaseExecutor.runScript(TestCaseExecutor.java:337)
	at com.kms.katalon.core.main.TestCaseExecutor.doExecute(TestCaseExecutor.java:328)
	at com.kms.katalon.core.main.TestCaseExecutor.processExecutionPhase(TestCaseExecutor.java:307)
	at com.kms.katalon.core.main.TestCaseExecutor.accessMainPhase(TestCaseExecutor.java:299)
	at com.kms.katalon.core.main.TestCaseExecutor.execute(TestCaseExecutor.java:233)
	at com.kms.katalon.core.main.TestSuiteExecutor.accessTestCaseMainPhase(TestSuiteExecutor.java:169)
	at com.kms.katalon.core.main.TestSuiteExecutor.accessTestSuiteMainPhase(TestSuiteExecutor.java:142)
	at com.kms.katalon.core.main.TestSuiteExecutor.execute(TestSuiteExecutor.java:91)
	at com.kms.katalon.core.main.TestCaseMain.startTestSuite(TestCaseMain.java:157)
	at com.kms.katalon.core.main.TestCaseMain$startTestSuite$0.call(Unknown Source)
	at TempTestSuite1582463340376.run(TempTestSuite1582463340376.groovy:36)
"/>
         <system-out><![CDATA[2020-02-23 14:09:23 - [TEST_CASE][ERROR] - Test Cases/TC-2: Test Cases/TC-2 FAILED.
Reason:
groovy.lang.MissingPropertyException: No such property: search for class: Script1582403821652
	at TC-2.searchResultByTextAndSection(TC-2:42)
	at TC-2.run(TC-2:33)
	at com.kms.katalon.core.main.ScriptEngine.run(ScriptEngine.java:194)
	at com.kms.katalon.core.main.ScriptEngine.runScriptAsRawText(ScriptEngine.java:119)
	at com.kms.katalon.core.main.TestCaseExecutor.runScript(TestCaseExecutor.java:337)
	at com.kms.katalon.core.main.TestCaseExecutor.doExecute(TestCaseExecutor.java:328)
	at com.kms.katalon.core.main.TestCaseExecutor.processExecutionPhase(TestCaseExecutor.java:307)
	at com.kms.katalon.core.main.TestCaseExecutor.accessMainPhase(TestCaseExecutor.java:299)
	at com.kms.katalon.core.main.TestCaseExecutor.execute(TestCaseExecutor.java:233)
	at com.kms.katalon.core.main.TestSuiteExecutor.accessTestCaseMainPhase(TestSuiteExecutor.java:169)
	at com.kms.katalon.core.main.TestSuiteExecutor.accessTestSuiteMainPhase(TestSuiteExecutor.java:142)
	at com.kms.katalon.core.main.TestSuiteExecutor.execute(TestSuiteExecutor.java:91)
	at com.kms.katalon.core.main.TestCaseMain.startTestSuite(TestCaseMain.java:157)
	at com.kms.katalon.core.main.TestCaseMain$startTestSuite$0.call(Unknown Source)
	at TempTestSuite1582463340376.run(TempTestSuite1582463340376.groovy:36)


2020-02-23 14:09:24 - [TEST_STEP][PASSED] - openBrowser(""): Browser is opened with url: ''

2020-02-23 14:09:24 - [MESSAGE][WARNING] - A browser is already opened. Closing browser and opening a new one

2020-02-23 14:09:24 - [MESSAGE][INFO] - Starting 'Chrome' driver

2020-02-23 14:09:30 - [MESSAGE][PASSED] - Browser is opened with url: ''

2020-02-23 14:09:30 - [TEST_STEP][PASSED] - navigateToUrl(homePage): Navigate to 'https://angular.io' successfully

2020-02-23 14:09:33 - [MESSAGE][PASSED] - Navigate to 'https://angular.io' successfully

2020-02-23 14:09:33 - [TEST_STEP][PASSED] - verifyElementVisible(findTestObject("AngularHomePage/SearchBar")): Object 'Object Repository/AngularHomePage/SearchBar' is visible

2020-02-23 14:09:33 - [MESSAGE][PASSED] - Object 'Object Repository/AngularHomePage/SearchBar' is visible

2020-02-23 14:09:33 - [TEST_STEP][PASSED] - verifyElementText(findTestObject("AngularHomePage/SearchBar"), ""): Actual text and expected text of test object 'Object Repository/AngularHomePage/SearchBar' are matched.

2020-02-23 14:09:34 - [MESSAGE][PASSED] - Actual text and expected text of test object 'Object Repository/AngularHomePage/SearchBar' are matched.

2020-02-23 14:09:34 - [TEST_STEP][PASSED] - verifyElementAttributeValue(findTestObject("AngularHomePage/SearchBar"), "placeholder", "Search", 0): Object 'Object Repository/AngularHomePage/SearchBar' has attribute 'placeholder' with value 'Search'

2020-02-23 14:09:34 - [MESSAGE][WARNING] - Timeout '0' is invalid. Using default page load timeout: '30'

2020-02-23 14:09:34 - [MESSAGE][PASSED] - Object 'Object Repository/AngularHomePage/SearchBar' has attribute 'placeholder' with value 'Search'

2020-02-23 14:09:34 - [TEST_STEP][PASSED] - click(findTestObject("AngularHomePage/SearchBar")): Object: 'Object Repository/AngularHomePage/SearchBar' is clicked on

2020-02-23 14:09:35 - [MESSAGE][PASSED] - Object: 'Object Repository/AngularHomePage/SearchBar' is clicked on

2020-02-23 14:09:35 - [TEST_STEP][PASSED] - sendKeys(findTestObject("AngularHomePage/SearchBar"), "directive"): Keys 'directive' sent to object: 'Object Repository/AngularHomePage/SearchBar'

2020-02-23 14:09:35 - [MESSAGE][PASSED] - Keys 'directive' sent to object: 'Object Repository/AngularHomePage/SearchBar'

2020-02-23 14:09:35 - [TEST_STEP][PASSED] - verifyElementVisible(searchResultByTextAndSection("api", "Directive")): null

2020-02-23 14:09:35 - [TEST_STEP][PASSED] - xpathString = ]: null]]></system-out>
         <system-err><![CDATA[2020-02-23 14:09:23 - [TEST_CASE][ERROR] - Test Cases/TC-2: Test Cases/TC-2 FAILED.
Reason:
groovy.lang.MissingPropertyException: No such property: search for class: Script1582403821652
	at TC-2.searchResultByTextAndSection(TC-2:42)
	at TC-2.run(TC-2:33)
	at com.kms.katalon.core.main.ScriptEngine.run(ScriptEngine.java:194)
	at com.kms.katalon.core.main.ScriptEngine.runScriptAsRawText(ScriptEngine.java:119)
	at com.kms.katalon.core.main.TestCaseExecutor.runScript(TestCaseExecutor.java:337)
	at com.kms.katalon.core.main.TestCaseExecutor.doExecute(TestCaseExecutor.java:328)
	at com.kms.katalon.core.main.TestCaseExecutor.processExecutionPhase(TestCaseExecutor.java:307)
	at com.kms.katalon.core.main.TestCaseExecutor.accessMainPhase(TestCaseExecutor.java:299)
	at com.kms.katalon.core.main.TestCaseExecutor.execute(TestCaseExecutor.java:233)
	at com.kms.katalon.core.main.TestSuiteExecutor.accessTestCaseMainPhase(TestSuiteExecutor.java:169)
	at com.kms.katalon.core.main.TestSuiteExecutor.accessTestSuiteMainPhase(TestSuiteExecutor.java:142)
	at com.kms.katalon.core.main.TestSuiteExecutor.execute(TestSuiteExecutor.java:91)
	at com.kms.katalon.core.main.TestCaseMain.startTestSuite(TestCaseMain.java:157)
	at com.kms.katalon.core.main.TestCaseMain$startTestSuite$0.call(Unknown Source)
	at TempTestSuite1582463340376.run(TempTestSuite1582463340376.groovy:36)]]></system-err>
      </testcase>
      <testcase name="Test Cases/TC-3" time="18.439" classname="Test Cases/TC-3" status="PASSED">
         <system-out><![CDATA[2020-02-23 14:09:35 - [TEST_CASE][PASSED] - Test Cases/TC-3: Test Cases/TC-3

2020-02-23 14:09:36 - [TEST_STEP][PASSED] - openBrowser(""): Browser is opened with url: ''

2020-02-23 14:09:36 - [MESSAGE][WARNING] - A browser is already opened. Closing browser and opening a new one

2020-02-23 14:09:37 - [MESSAGE][INFO] - Starting 'Chrome' driver

2020-02-23 14:09:42 - [MESSAGE][PASSED] - Browser is opened with url: ''

2020-02-23 14:09:42 - [TEST_STEP][PASSED] - navigateToUrl(forms): Navigate to 'https://getbootstrap.com/docs/4.4/components/forms' successfully

2020-02-23 14:09:48 - [MESSAGE][PASSED] - Navigate to 'https://getbootstrap.com/docs/4.4/components/forms' successfully

2020-02-23 14:09:48 - [TEST_STEP][PASSED] - verifyMatch(getWindowTitle(), "Forms · Bootstrap", false): Actual text 'Forms · Bootstrap' and expected text 'Forms · Bootstrap' are matched 

2020-02-23 14:09:48 - [MESSAGE][PASSED] - Current window's title is: 'Forms · Bootstrap'

2020-02-23 14:09:48 - [MESSAGE][PASSED] - Actual text 'Forms · Bootstrap' and expected text 'Forms · Bootstrap' are matched 

2020-02-23 14:09:48 - [TEST_STEP][PASSED] - verifyElementNotInViewport(findTestObject("Bootstrap/ReadonlyInput"), 0): Object 'Object Repository/Bootstrap/ReadonlyInput' is present and NOT visible in viewport

2020-02-23 14:09:48 - [MESSAGE][WARNING] - Timeout '0' is invalid. Using default page load timeout: '30'

2020-02-23 14:09:49 - [MESSAGE][PASSED] - Object 'Object Repository/Bootstrap/ReadonlyInput' is present and NOT visible in viewport

2020-02-23 14:09:49 - [TEST_STEP][PASSED] - scrollToElement(findTestObject("Bootstrap/ReadonlyInput"), 0): Scroll to object 'Object Repository/Bootstrap/ReadonlyInput' successfully

2020-02-23 14:09:49 - [MESSAGE][WARNING] - Timeout '0' is invalid. Using default page load timeout: '30'

2020-02-23 14:09:49 - [MESSAGE][PASSED] - Scroll to object 'Object Repository/Bootstrap/ReadonlyInput' successfully

2020-02-23 14:09:49 - [TEST_STEP][PASSED] - verifyElementInViewport(findTestObject("Bootstrap/ReadonlyInput"), 0): Object 'Object Repository/Bootstrap/ReadonlyInput' is present and visible in viewport

2020-02-23 14:09:49 - [MESSAGE][WARNING] - Timeout '0' is invalid. Using default page load timeout: '30'

2020-02-23 14:09:49 - [MESSAGE][PASSED] - Object 'Object Repository/Bootstrap/ReadonlyInput' is present and visible in viewport

2020-02-23 14:09:49 - [TEST_STEP][PASSED] - verifyElementText(findTestObject("Bootstrap/ReadonlyInput"), ""): Actual text and expected text of test object 'Object Repository/Bootstrap/ReadonlyInput' are matched.

2020-02-23 14:09:50 - [MESSAGE][PASSED] - Actual text and expected text of test object 'Object Repository/Bootstrap/ReadonlyInput' are matched.

2020-02-23 14:09:50 - [TEST_STEP][PASSED] - click(findTestObject("Bootstrap/ReadonlyInput")): Object: 'Object Repository/Bootstrap/ReadonlyInput' is clicked on

2020-02-23 14:09:53 - [MESSAGE][PASSED] - Object: 'Object Repository/Bootstrap/ReadonlyInput' is clicked on

2020-02-23 14:09:53 - [TEST_STEP][PASSED] - sendKeys(findTestObject("Bootstrap/ReadonlyInput"), "Readonly?"): Keys 'Readonly?' sent to object: 'Object Repository/Bootstrap/ReadonlyInput'

2020-02-23 14:09:53 - [MESSAGE][PASSED] - Keys 'Readonly?' sent to object: 'Object Repository/Bootstrap/ReadonlyInput'

2020-02-23 14:09:53 - [TEST_STEP][PASSED] - verifyElementText(findTestObject("Bootstrap/ReadonlyInput"), ""): Actual text and expected text of test object 'Object Repository/Bootstrap/ReadonlyInput' are matched.

2020-02-23 14:09:54 - [MESSAGE][PASSED] - Actual text and expected text of test object 'Object Repository/Bootstrap/ReadonlyInput' are matched.]]></system-out>
         <system-err><![CDATA[]]></system-err>
      </testcase>
      <testcase name="Test Cases/TC-4" time="11.109" classname="Test Cases/TC-4" status="PASSED">
         <system-out><![CDATA[2020-02-23 14:09:54 - [TEST_CASE][PASSED] - Test Cases/TC-4: Test Cases/TC-4

2020-02-23 14:09:54 - [TEST_STEP][PASSED] - openBrowser(""): Browser is opened with url: ''

2020-02-23 14:09:54 - [MESSAGE][WARNING] - A browser is already opened. Closing browser and opening a new one

2020-02-23 14:09:55 - [MESSAGE][INFO] - Starting 'Chrome' driver

2020-02-23 14:10:00 - [MESSAGE][PASSED] - Browser is opened with url: ''

2020-02-23 14:10:00 - [TEST_STEP][PASSED] - navigateToUrl(checkboxes): Navigate to 'https://getbootstrap.com/docs/4.4/components/forms/#checkboxes-and-radios' successfully

2020-02-23 14:10:03 - [MESSAGE][PASSED] - Navigate to 'https://getbootstrap.com/docs/4.4/components/forms/#checkboxes-and-radios' successfully

2020-02-23 14:10:03 - [TEST_STEP][PASSED] - verifyElementClickable(findTestObject("Bootstrap/DefaultCheckbox")): Object 'Object Repository/Bootstrap/DefaultCheckbox' is clickable

2020-02-23 14:10:03 - [MESSAGE][PASSED] - Object 'Object Repository/Bootstrap/DefaultCheckbox' is clickable

2020-02-23 14:10:03 - [TEST_STEP][PASSED] - verifyElementNotClickable(findTestObject("Bootstrap/DisabledCheckbox")): Object 'Object Repository/Bootstrap/DisabledCheckbox' is NOT clickable

2020-02-23 14:10:04 - [MESSAGE][PASSED] - Object 'Object Repository/Bootstrap/DisabledCheckbox' is NOT clickable

2020-02-23 14:10:04 - [TEST_STEP][PASSED] - verifyElementNotChecked(findTestObject("Bootstrap/DefaultCheckbox"), 0): Object 'Object Repository/Bootstrap/DefaultCheckbox' is not checked

2020-02-23 14:10:04 - [MESSAGE][WARNING] - Timeout '0' is invalid. Using default page load timeout: '30'

2020-02-23 14:10:04 - [MESSAGE][PASSED] - Object 'Object Repository/Bootstrap/DefaultCheckbox' is not checked

2020-02-23 14:10:04 - [TEST_STEP][PASSED] - check(findTestObject("Bootstrap/DefaultCheckbox")): Object 'Object Repository/Bootstrap/DefaultCheckbox' is checked

2020-02-23 14:10:05 - [MESSAGE][PASSED] - Object 'Object Repository/Bootstrap/DefaultCheckbox' is checked

2020-02-23 14:10:05 - [TEST_STEP][PASSED] - verifyElementChecked(findTestObject("Bootstrap/DefaultCheckbox"), 0): Object 'Object Repository/Bootstrap/DefaultCheckbox' is checked

2020-02-23 14:10:05 - [MESSAGE][WARNING] - Timeout '0' is invalid. Using default page load timeout: '30'

2020-02-23 14:10:05 - [MESSAGE][PASSED] - Object 'Object Repository/Bootstrap/DefaultCheckbox' is checked]]></system-out>
         <system-err><![CDATA[]]></system-err>
      </testcase>
      <testcase name="Test Cases/TC-5" time="13.473" classname="Test Cases/TC-5" status="PASSED">
         <system-out><![CDATA[2020-02-23 14:10:05 - [TEST_CASE][PASSED] - Test Cases/TC-5: Test Cases/TC-5

2020-02-23 14:10:05 - [TEST_STEP][PASSED] - openBrowser(""): Browser is opened with url: ''

2020-02-23 14:10:05 - [MESSAGE][WARNING] - A browser is already opened. Closing browser and opening a new one

2020-02-23 14:10:06 - [MESSAGE][INFO] - Starting 'Chrome' driver

2020-02-23 14:10:12 - [MESSAGE][PASSED] - Browser is opened with url: ''

2020-02-23 14:10:12 - [TEST_STEP][PASSED] - navigateToUrl(checkboxes): Navigate to 'https://getbootstrap.com/docs/4.4/components/forms/#checkboxes-and-radios' successfully

2020-02-23 14:10:16 - [MESSAGE][PASSED] - Navigate to 'https://getbootstrap.com/docs/4.4/components/forms/#checkboxes-and-radios' successfully

2020-02-23 14:10:16 - [TEST_STEP][PASSED] - verifyElementClickable(radioButtonByIDNumber(1)): null

2020-02-23 14:10:16 - [TEST_STEP][PASSED] - cssString = input#exampleRadios$number: null

2020-02-23 14:10:16 - [TEST_STEP][PASSED] - radioButton = new com.kms.katalon.core.testobject.TestObject(RadioButton): null

2020-02-23 14:10:16 - [TEST_STEP][PASSED] - radioButton.addProperty("css", EQUALS, cssString): null

2020-02-23 14:10:16 - [TEST_STEP][PASSED] - return radioButton: Object 'RadioButton' is clickable

2020-02-23 14:10:16 - [MESSAGE][PASSED] - Object 'RadioButton' is clickable

2020-02-23 14:10:16 - [TEST_STEP][PASSED] - verifyElementNotClickable(radioButtonByIDNumber(3)): null

2020-02-23 14:10:16 - [TEST_STEP][PASSED] - cssString = input#exampleRadios$number: null

2020-02-23 14:10:16 - [TEST_STEP][PASSED] - radioButton = new com.kms.katalon.core.testobject.TestObject(RadioButton): null

2020-02-23 14:10:16 - [TEST_STEP][PASSED] - radioButton.addProperty("css", EQUALS, cssString): null

2020-02-23 14:10:16 - [TEST_STEP][PASSED] - return radioButton: Object 'RadioButton' is NOT clickable

2020-02-23 14:10:17 - [MESSAGE][PASSED] - Object 'RadioButton' is NOT clickable

2020-02-23 14:10:17 - [TEST_STEP][PASSED] - verifyElementChecked(radioButtonByIDNumber(1), 0): null

2020-02-23 14:10:17 - [TEST_STEP][PASSED] - cssString = input#exampleRadios$number: null

2020-02-23 14:10:17 - [TEST_STEP][PASSED] - radioButton = new com.kms.katalon.core.testobject.TestObject(RadioButton): null

2020-02-23 14:10:17 - [TEST_STEP][PASSED] - radioButton.addProperty("css", EQUALS, cssString): null

2020-02-23 14:10:17 - [TEST_STEP][PASSED] - return radioButton: Object 'RadioButton' is checked

2020-02-23 14:10:17 - [MESSAGE][WARNING] - Timeout '0' is invalid. Using default page load timeout: '30'

2020-02-23 14:10:17 - [MESSAGE][PASSED] - Object 'RadioButton' is checked

2020-02-23 14:10:17 - [TEST_STEP][PASSED] - verifyElementNotChecked(radioButtonByIDNumber(2), 0): null

2020-02-23 14:10:17 - [TEST_STEP][PASSED] - cssString = input#exampleRadios$number: null

2020-02-23 14:10:17 - [TEST_STEP][PASSED] - radioButton = new com.kms.katalon.core.testobject.TestObject(RadioButton): null

2020-02-23 14:10:17 - [TEST_STEP][PASSED] - radioButton.addProperty("css", EQUALS, cssString): null

2020-02-23 14:10:17 - [TEST_STEP][PASSED] - return radioButton: Object 'RadioButton' is not checked

2020-02-23 14:10:17 - [MESSAGE][WARNING] - Timeout '0' is invalid. Using default page load timeout: '30'

2020-02-23 14:10:17 - [MESSAGE][PASSED] - Object 'RadioButton' is not checked

2020-02-23 14:10:17 - [TEST_STEP][PASSED] - click(radioButtonByIDNumber(2)): null

2020-02-23 14:10:17 - [TEST_STEP][PASSED] - cssString = input#exampleRadios$number: null

2020-02-23 14:10:17 - [TEST_STEP][PASSED] - radioButton = new com.kms.katalon.core.testobject.TestObject(RadioButton): null

2020-02-23 14:10:17 - [TEST_STEP][PASSED] - radioButton.addProperty("css", EQUALS, cssString): null

2020-02-23 14:10:17 - [TEST_STEP][PASSED] - return radioButton: Object: 'RadioButton' is clicked on

2020-02-23 14:10:18 - [MESSAGE][PASSED] - Object: 'RadioButton' is clicked on

2020-02-23 14:10:18 - [TEST_STEP][PASSED] - verifyElementNotChecked(radioButtonByIDNumber(1), 0): null

2020-02-23 14:10:18 - [TEST_STEP][PASSED] - cssString = input#exampleRadios$number: null

2020-02-23 14:10:18 - [TEST_STEP][PASSED] - radioButton = new com.kms.katalon.core.testobject.TestObject(RadioButton): null

2020-02-23 14:10:18 - [TEST_STEP][PASSED] - radioButton.addProperty("css", EQUALS, cssString): null

2020-02-23 14:10:18 - [TEST_STEP][PASSED] - return radioButton: Object 'RadioButton' is not checked

2020-02-23 14:10:18 - [MESSAGE][WARNING] - Timeout '0' is invalid. Using default page load timeout: '30'

2020-02-23 14:10:18 - [MESSAGE][PASSED] - Object 'RadioButton' is not checked

2020-02-23 14:10:18 - [TEST_STEP][PASSED] - verifyElementChecked(radioButtonByIDNumber(2), 0): null

2020-02-23 14:10:18 - [TEST_STEP][PASSED] - cssString = input#exampleRadios$number: null

2020-02-23 14:10:18 - [TEST_STEP][PASSED] - radioButton = new com.kms.katalon.core.testobject.TestObject(RadioButton): null

2020-02-23 14:10:18 - [TEST_STEP][PASSED] - radioButton.addProperty("css", EQUALS, cssString): null

2020-02-23 14:10:18 - [TEST_STEP][PASSED] - return radioButton: Object 'RadioButton' is checked

2020-02-23 14:10:18 - [MESSAGE][WARNING] - Timeout '0' is invalid. Using default page load timeout: '30'

2020-02-23 14:10:18 - [MESSAGE][PASSED] - Object 'RadioButton' is checked]]></system-out>
         <system-err><![CDATA[]]></system-err>
      </testcase>
      <testcase name="Test Cases/TC-6" time="12.181" classname="Test Cases/TC-6" status="PASSED">
         <system-out><![CDATA[2020-02-23 14:10:18 - [TEST_CASE][PASSED] - Test Cases/TC-6: Test Cases/TC-6

2020-02-23 14:10:19 - [TEST_STEP][PASSED] - openBrowser(""): Browser is opened with url: ''

2020-02-23 14:10:19 - [MESSAGE][WARNING] - A browser is already opened. Closing browser and opening a new one

2020-02-23 14:10:20 - [MESSAGE][INFO] - Starting 'Chrome' driver

2020-02-23 14:10:26 - [MESSAGE][PASSED] - Browser is opened with url: ''

2020-02-23 14:10:26 - [TEST_STEP][PASSED] - navigateToUrl(disabled): Navigate to 'https://getbootstrap.com/docs/4.4/components/buttons/#disabled-state' successfully

2020-02-23 14:10:29 - [MESSAGE][PASSED] - Navigate to 'https://getbootstrap.com/docs/4.4/components/buttons/#disabled-state' successfully

2020-02-23 14:10:29 - [TEST_STEP][PASSED] - verifyElementPresent(findTestObject("Bootstrap/PrimaryButton"), 0): Object 'Object Repository/Bootstrap/PrimaryButton' is present

2020-02-23 14:10:29 - [MESSAGE][WARNING] - Timeout '0' is invalid. Using default page load timeout: '30'

2020-02-23 14:10:29 - [MESSAGE][PASSED] - Object 'Object Repository/Bootstrap/PrimaryButton' is present

2020-02-23 14:10:29 - [TEST_STEP][PASSED] - verifyElementNotClickable(findTestObject("Bootstrap/PrimaryButton")): Object 'Object Repository/Bootstrap/PrimaryButton' is NOT clickable

2020-02-23 14:10:30 - [MESSAGE][PASSED] - Object 'Object Repository/Bootstrap/PrimaryButton' is NOT clickable

2020-02-23 14:10:30 - [TEST_STEP][PASSED] - sendKeys(findTestObject(null), Keys.chord(PAGE_UP)): Keys 'PAGE_UP + ' sent to object: 'tempBody'

2020-02-23 14:10:30 - [MESSAGE][WARNING] - Test object id is null

2020-02-23 14:10:30 - [MESSAGE][WARNING] - Test object with id 'Object Repository/' does not exist

2020-02-23 14:10:30 - [MESSAGE][PASSED] - Keys 'PAGE_UP + ' sent to object: 'tempBody'

2020-02-23 14:10:30 - [TEST_STEP][PASSED] - verifyElementClickable(findTestObject("Bootstrap/PrimaryLink")): Object 'Object Repository/Bootstrap/PrimaryLink' is clickable

2020-02-23 14:10:31 - [MESSAGE][PASSED] - Object 'Object Repository/Bootstrap/PrimaryLink' is clickable]]></system-out>
         <system-err><![CDATA[]]></system-err>
      </testcase>
      <testcase name="Test Cases/TC-7" time="20.918" classname="Test Cases/TC-7" status="PASSED">
         <system-out><![CDATA[2020-02-23 14:10:31 - [TEST_CASE][PASSED] - Test Cases/TC-7: Test Cases/TC-7

2020-02-23 14:10:31 - [TEST_STEP][PASSED] - openBrowser(""): Browser is opened with url: ''

2020-02-23 14:10:31 - [MESSAGE][WARNING] - A browser is already opened. Closing browser and opening a new one

2020-02-23 14:10:32 - [MESSAGE][INFO] - Starting 'Chrome' driver

2020-02-23 14:10:38 - [MESSAGE][PASSED] - Browser is opened with url: ''

2020-02-23 14:10:38 - [TEST_STEP][PASSED] - navigateToUrl(formControls): Navigate to 'https://getbootstrap.com/docs/4.4/components/forms/#form-controls' successfully

2020-02-23 14:10:45 - [MESSAGE][PASSED] - Navigate to 'https://getbootstrap.com/docs/4.4/components/forms/#form-controls' successfully

2020-02-23 14:10:45 - [TEST_STEP][PASSED] - verifyElementVisible(findTestObject("Bootstrap/ExampleSelect")): Object 'Object Repository/Bootstrap/ExampleSelect' is visible

2020-02-23 14:10:45 - [MESSAGE][PASSED] - Object 'Object Repository/Bootstrap/ExampleSelect' is visible

2020-02-23 14:10:45 - [TEST_STEP][PASSED] - verifyElementHasAttribute(findTestObject("Bootstrap/MultipleSelect"), "multiple", 0): Object 'Object Repository/Bootstrap/MultipleSelect' has attribute 'multiple'

2020-02-23 14:10:45 - [MESSAGE][WARNING] - Timeout '0' is invalid. Using default page load timeout: '30'

2020-02-23 14:10:46 - [MESSAGE][PASSED] - Object 'Object Repository/Bootstrap/MultipleSelect' has attribute 'multiple'

2020-02-23 14:10:46 - [TEST_STEP][PASSED] - verifyOptionSelectedByLabel(findTestObject("Bootstrap/ExampleSelect"), "1", false, 0): All options with label '1' are selected in object 'Object Repository/Bootstrap/ExampleSelect' 

2020-02-23 14:10:46 - [MESSAGE][WARNING] - Timeout '0' is invalid. Using default page load timeout: '30'

2020-02-23 14:10:47 - [MESSAGE][PASSED] - All options with label '1' are selected in object 'Object Repository/Bootstrap/ExampleSelect' 

2020-02-23 14:10:47 - [TEST_STEP][PASSED] - verifyOptionNotPresentByLabel(findTestObject("Bootstrap/ExampleSelect"), "hello", false, 0): There is no option with label 'hello' present in object 'Object Repository/Bootstrap/ExampleSelect' 

2020-02-23 14:10:47 - [MESSAGE][WARNING] - Timeout '0' is invalid. Using default page load timeout: '30'

2020-02-23 14:10:48 - [MESSAGE][PASSED] - There is no option with label 'hello' present in object 'Object Repository/Bootstrap/ExampleSelect' 

2020-02-23 14:10:48 - [TEST_STEP][PASSED] - verifyOptionPresentByLabel(findTestObject("Bootstrap/ExampleSelect"), "2", false, 0): 1 option(s) with label '2' is/are present in object 'Object Repository/Bootstrap/ExampleSelect' 

2020-02-23 14:10:48 - [MESSAGE][WARNING] - Timeout '0' is invalid. Using default page load timeout: '30'

2020-02-23 14:10:49 - [MESSAGE][PASSED] - 1 option(s) with label '2' is/are present in object 'Object Repository/Bootstrap/ExampleSelect' 

2020-02-23 14:10:49 - [TEST_STEP][PASSED] - selectOptionByLabel(findTestObject("Bootstrap/ExampleSelect"), "2", false): All options with label '2' are selected in object 'Object Repository/Bootstrap/ExampleSelect' 

2020-02-23 14:10:49 - [MESSAGE][PASSED] - All options with label '2' are selected in object 'Object Repository/Bootstrap/ExampleSelect' 

2020-02-23 14:10:50 - [TEST_STEP][PASSED] - verifyOptionSelectedByLabel(findTestObject("Bootstrap/ExampleSelect"), "2", false, 0): All options with label '2' are selected in object 'Object Repository/Bootstrap/ExampleSelect' 

2020-02-23 14:10:50 - [MESSAGE][WARNING] - Timeout '0' is invalid. Using default page load timeout: '30'

2020-02-23 14:10:51 - [MESSAGE][PASSED] - All options with label '2' are selected in object 'Object Repository/Bootstrap/ExampleSelect' 

2020-02-23 14:10:51 - [TEST_STEP][PASSED] - verifyEqual(getNumberOfTotalOption(findTestObject("Bootstrap/ExampleSelect")), 5): Actual object '5' and expected object '5' are equal

2020-02-23 14:10:51 - [MESSAGE][PASSED] - 5 options of object 'Object Repository/Bootstrap/ExampleSelect' counted

2020-02-23 14:10:52 - [MESSAGE][PASSED] - Actual object '5' and expected object '5' are equal]]></system-out>
         <system-err><![CDATA[]]></system-err>
      </testcase>
      <system-out><![CDATA[2020-02-23 14:09:04 - [TEST_SUITE][ERROR] - TestCasesForEvaluation: Test Cases/TC-2 FAILED.
Reason:
groovy.lang.MissingPropertyException: No such property: search for class: Script1582403821652
	at TC-2.searchResultByTextAndSection(TC-2:42)
	at TC-2.run(TC-2:33)
	at com.kms.katalon.core.main.ScriptEngine.run(ScriptEngine.java:194)
	at com.kms.katalon.core.main.ScriptEngine.runScriptAsRawText(ScriptEngine.java:119)
	at com.kms.katalon.core.main.TestCaseExecutor.runScript(TestCaseExecutor.java:337)
	at com.kms.katalon.core.main.TestCaseExecutor.doExecute(TestCaseExecutor.java:328)
	at com.kms.katalon.core.main.TestCaseExecutor.processExecutionPhase(TestCaseExecutor.java:307)
	at com.kms.katalon.core.main.TestCaseExecutor.accessMainPhase(TestCaseExecutor.java:299)
	at com.kms.katalon.core.main.TestCaseExecutor.execute(TestCaseExecutor.java:233)
	at com.kms.katalon.core.main.TestSuiteExecutor.accessTestCaseMainPhase(TestSuiteExecutor.java:169)
	at com.kms.katalon.core.main.TestSuiteExecutor.accessTestSuiteMainPhase(TestSuiteExecutor.java:142)
	at com.kms.katalon.core.main.TestSuiteExecutor.execute(TestSuiteExecutor.java:91)
	at com.kms.katalon.core.main.TestCaseMain.startTestSuite(TestCaseMain.java:157)
	at com.kms.katalon.core.main.TestCaseMain$startTestSuite$0.call(Unknown Source)
	at TempTestSuite1582463340376.run(TempTestSuite1582463340376.groovy:36)]]></system-out>
      <system-err><![CDATA[2020-02-23 14:09:04 - [TEST_SUITE][ERROR] - TestCasesForEvaluation: Test Cases/TC-2 FAILED.
Reason:
groovy.lang.MissingPropertyException: No such property: search for class: Script1582403821652
	at TC-2.searchResultByTextAndSection(TC-2:42)
	at TC-2.run(TC-2:33)
	at com.kms.katalon.core.main.ScriptEngine.run(ScriptEngine.java:194)
	at com.kms.katalon.core.main.ScriptEngine.runScriptAsRawText(ScriptEngine.java:119)
	at com.kms.katalon.core.main.TestCaseExecutor.runScript(TestCaseExecutor.java:337)
	at com.kms.katalon.core.main.TestCaseExecutor.doExecute(TestCaseExecutor.java:328)
	at com.kms.katalon.core.main.TestCaseExecutor.processExecutionPhase(TestCaseExecutor.java:307)
	at com.kms.katalon.core.main.TestCaseExecutor.accessMainPhase(TestCaseExecutor.java:299)
	at com.kms.katalon.core.main.TestCaseExecutor.execute(TestCaseExecutor.java:233)
	at com.kms.katalon.core.main.TestSuiteExecutor.accessTestCaseMainPhase(TestSuiteExecutor.java:169)
	at com.kms.katalon.core.main.TestSuiteExecutor.accessTestSuiteMainPhase(TestSuiteExecutor.java:142)
	at com.kms.katalon.core.main.TestSuiteExecutor.execute(TestSuiteExecutor.java:91)
	at com.kms.katalon.core.main.TestCaseMain.startTestSuite(TestCaseMain.java:157)
	at com.kms.katalon.core.main.TestCaseMain$startTestSuite$0.call(Unknown Source)
	at TempTestSuite1582463340376.run(TempTestSuite1582463340376.groovy:36)]]></system-err>
   </testsuite>
</testsuites>
