<?xml version="1.0" encoding="UTF-8"?>
<testsuites name="TestCasesForEvaluation" time="12.391" tests="1" failures="0" errors="1">
   <testsuite name="TestCasesForEvaluation" tests="1" failures="0" errors="1" time="12.391" timestamp="2020-02-23 12:41:53" hostname="Dora_Vereb - EPHUDEBW0132.budapest.epam.com" id="Test Suites/TestCasesForEvaluation">
      <properties>
         <property name="deviceName" value=""/>
         <property name="devicePlatform" value=""/>
         <property name="logFolder" value="C:\\Users\\dora_vereb\\Katalon Studio\\Web testing evaluation\\Reports\\20200223_124150\\TestCasesForEvaluation\\20200223_124150"/>
         <property name="logFiles" value="C:\\Users\\dora_vereb\\Katalon Studio\\Web testing evaluation\\Reports\\20200223_124150\\TestCasesForEvaluation\\20200223_124150\\execution0.log"/>
         <property name="attachments" value=""/>
         <property name="hostName" value="Dora_Vereb - EPHUDEBW0132.budapest.epam.com"/>
         <property name="os" value="Windows 10 64bit"/>
         <property name="katalonVersion" value="7.2.1.1"/>
         <property name="browser" value="Chrome 80.0.3987.116"/>
         <property name="hostAddress" value="192.168.0.101"/>
         <property name="sessionId" value="720cee080a5ca053c2d660f520d36e47"/>
         <property name="seleniumVersion" value="3.141.59"/>
         <property name="proxyInformation" value="ProxyInformation{proxyOption=NO_PROXY, proxyServerType=HTTP, password=, proxyServerAddress=, proxyServerPort=0, executionList=}"/>
         <property name="platform" value="Windows 10"/>
      </properties>
      <testcase name="Test Cases/TC-5" time="10.517" classname="Test Cases/TC-5" status="ERROR">
         <error type="ERROR" message="Test Cases/TC-5 FAILED.
Reason:
groovy.lang.MissingPropertyException: No such property: ConditionType for class: Script1582457463369
	at TC-5.radioButtonByIDNumber(TC-5:41)
	at TC-5.run(TC-5:22)
	at com.kms.katalon.core.main.ScriptEngine.run(ScriptEngine.java:194)
	at com.kms.katalon.core.main.ScriptEngine.runScriptAsRawText(ScriptEngine.java:119)
	at com.kms.katalon.core.main.TestCaseExecutor.runScript(TestCaseExecutor.java:337)
	at com.kms.katalon.core.main.TestCaseExecutor.doExecute(TestCaseExecutor.java:328)
	at com.kms.katalon.core.main.TestCaseExecutor.processExecutionPhase(TestCaseExecutor.java:307)
	at com.kms.katalon.core.main.TestCaseExecutor.accessMainPhase(TestCaseExecutor.java:299)
	at com.kms.katalon.core.main.TestCaseExecutor.execute(TestCaseExecutor.java:233)
	at com.kms.katalon.core.main.TestSuiteExecutor.accessTestCaseMainPhase(TestSuiteExecutor.java:169)
	at com.kms.katalon.core.main.TestSuiteExecutor.accessTestSuiteMainPhase(TestSuiteExecutor.java:142)
	at com.kms.katalon.core.main.TestSuiteExecutor.execute(TestSuiteExecutor.java:91)
	at com.kms.katalon.core.main.TestCaseMain.startTestSuite(TestCaseMain.java:157)
	at com.kms.katalon.core.main.TestCaseMain$startTestSuite$0.call(Unknown Source)
	at TempTestSuite1582458110791.run(TempTestSuite1582458110791.groovy:36)
"/>
         <system-out><![CDATA[2020-02-23 12:41:54 - [TEST_CASE][ERROR] - Test Cases/TC-5: Test Cases/TC-5 FAILED.
Reason:
groovy.lang.MissingPropertyException: No such property: ConditionType for class: Script1582457463369
	at TC-5.radioButtonByIDNumber(TC-5:41)
	at TC-5.run(TC-5:22)
	at com.kms.katalon.core.main.ScriptEngine.run(ScriptEngine.java:194)
	at com.kms.katalon.core.main.ScriptEngine.runScriptAsRawText(ScriptEngine.java:119)
	at com.kms.katalon.core.main.TestCaseExecutor.runScript(TestCaseExecutor.java:337)
	at com.kms.katalon.core.main.TestCaseExecutor.doExecute(TestCaseExecutor.java:328)
	at com.kms.katalon.core.main.TestCaseExecutor.processExecutionPhase(TestCaseExecutor.java:307)
	at com.kms.katalon.core.main.TestCaseExecutor.accessMainPhase(TestCaseExecutor.java:299)
	at com.kms.katalon.core.main.TestCaseExecutor.execute(TestCaseExecutor.java:233)
	at com.kms.katalon.core.main.TestSuiteExecutor.accessTestCaseMainPhase(TestSuiteExecutor.java:169)
	at com.kms.katalon.core.main.TestSuiteExecutor.accessTestSuiteMainPhase(TestSuiteExecutor.java:142)
	at com.kms.katalon.core.main.TestSuiteExecutor.execute(TestSuiteExecutor.java:91)
	at com.kms.katalon.core.main.TestCaseMain.startTestSuite(TestCaseMain.java:157)
	at com.kms.katalon.core.main.TestCaseMain$startTestSuite$0.call(Unknown Source)
	at TempTestSuite1582458110791.run(TempTestSuite1582458110791.groovy:36)


2020-02-23 12:41:54 - [TEST_STEP][PASSED] - openBrowser(""): Browser is opened with url: ''

2020-02-23 12:41:55 - [MESSAGE][INFO] - Starting 'Chrome' driver

2020-02-23 12:41:55 - [MESSAGE][INFO] - Action delay is set to 0 seconds

2020-02-23 12:42:02 - [MESSAGE][PASSED] - Browser is opened with url: ''

2020-02-23 12:42:02 - [TEST_STEP][PASSED] - navigateToUrl(checkboxes): Navigate to 'https://getbootstrap.com/docs/4.4/components/forms/#checkboxes-and-radios' successfully

2020-02-23 12:42:04 - [MESSAGE][PASSED] - Navigate to 'https://getbootstrap.com/docs/4.4/components/forms/#checkboxes-and-radios' successfully

2020-02-23 12:42:04 - [TEST_STEP][PASSED] - verifyElementClickable(radioButtonByIDNumber(1)): null

2020-02-23 12:42:04 - [TEST_STEP][PASSED] - cssString = input#exampleRadios$number: null

2020-02-23 12:42:04 - [TEST_STEP][PASSED] - radioButton = new com.kms.katalon.core.testobject.TestObject(RadioButton): null

2020-02-23 12:42:04 - [TEST_STEP][PASSED] - radioButton.addProperty("css", EQUALS, cssString): null]]></system-out>
         <system-err><![CDATA[2020-02-23 12:41:54 - [TEST_CASE][ERROR] - Test Cases/TC-5: Test Cases/TC-5 FAILED.
Reason:
groovy.lang.MissingPropertyException: No such property: ConditionType for class: Script1582457463369
	at TC-5.radioButtonByIDNumber(TC-5:41)
	at TC-5.run(TC-5:22)
	at com.kms.katalon.core.main.ScriptEngine.run(ScriptEngine.java:194)
	at com.kms.katalon.core.main.ScriptEngine.runScriptAsRawText(ScriptEngine.java:119)
	at com.kms.katalon.core.main.TestCaseExecutor.runScript(TestCaseExecutor.java:337)
	at com.kms.katalon.core.main.TestCaseExecutor.doExecute(TestCaseExecutor.java:328)
	at com.kms.katalon.core.main.TestCaseExecutor.processExecutionPhase(TestCaseExecutor.java:307)
	at com.kms.katalon.core.main.TestCaseExecutor.accessMainPhase(TestCaseExecutor.java:299)
	at com.kms.katalon.core.main.TestCaseExecutor.execute(TestCaseExecutor.java:233)
	at com.kms.katalon.core.main.TestSuiteExecutor.accessTestCaseMainPhase(TestSuiteExecutor.java:169)
	at com.kms.katalon.core.main.TestSuiteExecutor.accessTestSuiteMainPhase(TestSuiteExecutor.java:142)
	at com.kms.katalon.core.main.TestSuiteExecutor.execute(TestSuiteExecutor.java:91)
	at com.kms.katalon.core.main.TestCaseMain.startTestSuite(TestCaseMain.java:157)
	at com.kms.katalon.core.main.TestCaseMain$startTestSuite$0.call(Unknown Source)
	at TempTestSuite1582458110791.run(TempTestSuite1582458110791.groovy:36)]]></system-err>
      </testcase>
      <system-out><![CDATA[2020-02-23 12:41:53 - [TEST_SUITE][ERROR] - TestCasesForEvaluation: Test Cases/TC-5 FAILED.
Reason:
groovy.lang.MissingPropertyException: No such property: ConditionType for class: Script1582457463369
	at TC-5.radioButtonByIDNumber(TC-5:41)
	at TC-5.run(TC-5:22)
	at com.kms.katalon.core.main.ScriptEngine.run(ScriptEngine.java:194)
	at com.kms.katalon.core.main.ScriptEngine.runScriptAsRawText(ScriptEngine.java:119)
	at com.kms.katalon.core.main.TestCaseExecutor.runScript(TestCaseExecutor.java:337)
	at com.kms.katalon.core.main.TestCaseExecutor.doExecute(TestCaseExecutor.java:328)
	at com.kms.katalon.core.main.TestCaseExecutor.processExecutionPhase(TestCaseExecutor.java:307)
	at com.kms.katalon.core.main.TestCaseExecutor.accessMainPhase(TestCaseExecutor.java:299)
	at com.kms.katalon.core.main.TestCaseExecutor.execute(TestCaseExecutor.java:233)
	at com.kms.katalon.core.main.TestSuiteExecutor.accessTestCaseMainPhase(TestSuiteExecutor.java:169)
	at com.kms.katalon.core.main.TestSuiteExecutor.accessTestSuiteMainPhase(TestSuiteExecutor.java:142)
	at com.kms.katalon.core.main.TestSuiteExecutor.execute(TestSuiteExecutor.java:91)
	at com.kms.katalon.core.main.TestCaseMain.startTestSuite(TestCaseMain.java:157)
	at com.kms.katalon.core.main.TestCaseMain$startTestSuite$0.call(Unknown Source)
	at TempTestSuite1582458110791.run(TempTestSuite1582458110791.groovy:36)]]></system-out>
      <system-err><![CDATA[2020-02-23 12:41:53 - [TEST_SUITE][ERROR] - TestCasesForEvaluation: Test Cases/TC-5 FAILED.
Reason:
groovy.lang.MissingPropertyException: No such property: ConditionType for class: Script1582457463369
	at TC-5.radioButtonByIDNumber(TC-5:41)
	at TC-5.run(TC-5:22)
	at com.kms.katalon.core.main.ScriptEngine.run(ScriptEngine.java:194)
	at com.kms.katalon.core.main.ScriptEngine.runScriptAsRawText(ScriptEngine.java:119)
	at com.kms.katalon.core.main.TestCaseExecutor.runScript(TestCaseExecutor.java:337)
	at com.kms.katalon.core.main.TestCaseExecutor.doExecute(TestCaseExecutor.java:328)
	at com.kms.katalon.core.main.TestCaseExecutor.processExecutionPhase(TestCaseExecutor.java:307)
	at com.kms.katalon.core.main.TestCaseExecutor.accessMainPhase(TestCaseExecutor.java:299)
	at com.kms.katalon.core.main.TestCaseExecutor.execute(TestCaseExecutor.java:233)
	at com.kms.katalon.core.main.TestSuiteExecutor.accessTestCaseMainPhase(TestSuiteExecutor.java:169)
	at com.kms.katalon.core.main.TestSuiteExecutor.accessTestSuiteMainPhase(TestSuiteExecutor.java:142)
	at com.kms.katalon.core.main.TestSuiteExecutor.execute(TestSuiteExecutor.java:91)
	at com.kms.katalon.core.main.TestCaseMain.startTestSuite(TestCaseMain.java:157)
	at com.kms.katalon.core.main.TestCaseMain$startTestSuite$0.call(Unknown Source)
	at TempTestSuite1582458110791.run(TempTestSuite1582458110791.groovy:36)]]></system-err>
   </testsuite>
</testsuites>
